start_gui
open_project C:/Users/user/RISC_final/core_top/core_top.xpr
open_project C:/Users/user/RISC_final/core_top/core_top.xpr
Scanning sources...
Finished scanning sources
INFO: [IP_Flow 19-234] Refreshing IP repositories
INFO: [IP_Flow 19-1704] No user IP repositories specified
INFO: [IP_Flow 19-2313] Loaded Vivado IP repository 'C:/Xilinx/Vivado/2018.3/data/ip'.
open_project: Time (s): cpu = 00:00:23 ; elapsed = 00:00:11 . Memory (MB): peak = 801.379 ; gain = 87.332
open_run synth_1 -name synth_1
Design is defaulting to impl run constrset: constrs_1
Design is defaulting to synth run part: xc7z020clg484-1
INFO: [Project 1-479] Netlist was created with Vivado 2018.3
INFO: [Device 21-403] Loading part xc7z020clg484-1
INFO: [Project 1-570] Preparing netlist for logic optimization
INFO: [Opt 31-138] Pushed 0 inverter(s) to 0 load pin(s).
Netlist sorting complete. Time (s): cpu = 00:00:00 ; elapsed = 00:00:00 . Memory (MB): peak = 1083.816 ; gain = 0.000
INFO: [Project 1-111] Unisim Transformation Summary:
No Unisim elements were transformed.

open_run: Time (s): cpu = 00:00:28 ; elapsed = 00:00:17 . Memory (MB): peak = 1243.898 ; gain = 441.824
update_compile_order -fileset sources_1
synth_design -rtl -name rtl_1
Command: synth_design -rtl -name rtl_1
Starting synth_design
Using part: xc7z020clg484-1
Top: core_top
---------------------------------------------------------------------------------
Starting RTL Elaboration : Time (s): cpu = 00:00:08 ; elapsed = 00:00:04 . Memory (MB): peak = 1453.422 ; gain = 209.266
---------------------------------------------------------------------------------
INFO: [Synth 8-6157] synthesizing module 'core_top' [C:/Users/user/RISC_final/core_top/core_top.srcs/sources_1/imports/RISC_mid3/core_top.v:3]
INFO: [Synth 8-6157] synthesizing module 'fetch_stage' [C:/Users/user/RISC_final/core_top/core_top.srcs/sources_1/imports/RISC_mid3/fetch_stage/fetch_stage.v:6]
INFO: [Synth 8-6157] synthesizing module 'pc_reg' [C:/Users/user/RISC_final/core_top/core_top.srcs/sources_1/imports/RISC_mid3/fetch_stage/pc_reg.v:37]
INFO: [Synth 8-6155] done synthesizing module 'pc_reg' (1#1) [C:/Users/user/RISC_final/core_top/core_top.srcs/sources_1/imports/RISC_mid3/fetch_stage/pc_reg.v:37]
WARNING: [Synth 8-350] instance 'u_pc_reg' of module 'pc_reg' requires 5 connections, but only 4 given [C:/Users/user/RISC_final/core_top/core_top.srcs/sources_1/imports/RISC_mid3/fetch_stage/fetch_stage.v:23]
INFO: [Synth 8-6157] synthesizing module 'instr_mem' [C:/Users/user/RISC_final/core_top/core_top.srcs/sources_1/imports/RISC_mid3/fetch_stage/instr_mem.v:33]
INFO: [Synth 8-6155] done synthesizing module 'instr_mem' (2#1) [C:/Users/user/RISC_final/core_top/core_top.srcs/sources_1/imports/RISC_mid3/fetch_stage/instr_mem.v:33]
INFO: [Synth 8-6155] done synthesizing module 'fetch_stage' (3#1) [C:/Users/user/RISC_final/core_top/core_top.srcs/sources_1/imports/RISC_mid3/fetch_stage/fetch_stage.v:6]
INFO: [Synth 8-6157] synthesizing module 'if_id_reg' [C:/Users/user/RISC_final/core_top/core_top.srcs/sources_1/imports/RISC_mid3/if_id_reg.v:42]
INFO: [Synth 8-6155] done synthesizing module 'if_id_reg' (4#1) [C:/Users/user/RISC_final/core_top/core_top.srcs/sources_1/imports/RISC_mid3/if_id_reg.v:42]
INFO: [Synth 8-6157] synthesizing module 'decode_execute' [C:/Users/user/RISC_final/core_top/core_top.srcs/sources_1/imports/RISC_mid3/decode_execute/decode_execute.v:3]
INFO: [Synth 8-6157] synthesizing module 'imm_gen' [C:/Users/user/RISC_final/core_top/core_top.srcs/sources_1/imports/RISC_mid3/decode_execute/imm_gen.v:43]
INFO: [Synth 8-6155] done synthesizing module 'imm_gen' (5#1) [C:/Users/user/RISC_final/core_top/core_top.srcs/sources_1/imports/RISC_mid3/decode_execute/imm_gen.v:43]
INFO: [Synth 8-6157] synthesizing module 'control_unit' [C:/Users/user/RISC_final/core_top/core_top.srcs/sources_1/imports/RISC_mid3/decode_execute/control_unit.v:40]
	Parameter OPCODE_RTYPE bound to: 7'b0110011 
	Parameter OPCODE_LOAD bound to: 7'b0000011 
	Parameter OPCODE_STORE bound to: 7'b0100011 
	Parameter OPCODE_BRANCH bound to: 7'b1100011 
	Parameter OPCODE_JAL bound to: 7'b1101111 
	Parameter OPCODE_FFT bound to: 7'b0111011 
	Parameter ALU_ADD bound to: 4'b0000 
	Parameter ALU_SUB bound to: 4'b0001 
	Parameter ALU_AND bound to: 4'b0010 
	Parameter ALU_OR bound to: 4'b0011 
	Parameter ALU_XOR bound to: 4'b0100 
	Parameter ALU_PASS_B bound to: 4'b0101 
INFO: [Synth 8-6155] done synthesizing module 'control_unit' (6#1) [C:/Users/user/RISC_final/core_top/core_top.srcs/sources_1/imports/RISC_mid3/decode_execute/control_unit.v:40]
WARNING: [Synth 8-350] instance 'u_control_unit' of module 'control_unit' requires 14 connections, but only 13 given [C:/Users/user/RISC_final/core_top/core_top.srcs/sources_1/imports/RISC_mid3/decode_execute/decode_execute.v:86]
INFO: [Synth 8-6157] synthesizing module 'regfile' [C:/Users/user/RISC_final/core_top/core_top.srcs/sources_1/imports/RISC_mid3/decode_execute/regfile.v:14]
INFO: [Synth 8-6155] done synthesizing module 'regfile' (7#1) [C:/Users/user/RISC_final/core_top/core_top.srcs/sources_1/imports/RISC_mid3/decode_execute/regfile.v:14]
INFO: [Synth 8-6157] synthesizing module 'alu' [C:/Users/user/RISC_final/core_top/core_top.srcs/sources_1/imports/RISC_mid3/decode_execute/alu.v:38]
INFO: [Synth 8-6155] done synthesizing module 'alu' (8#1) [C:/Users/user/RISC_final/core_top/core_top.srcs/sources_1/imports/RISC_mid3/decode_execute/alu.v:38]
INFO: [Synth 8-6157] synthesizing module 'fft_butterfly' [C:/Users/user/RISC_final/core_top/core_top.srcs/sources_1/imports/RISC_mid3/decode_execute/fft_butterfly.v:18]
INFO: [Synth 8-6155] done synthesizing module 'fft_butterfly' (9#1) [C:/Users/user/RISC_final/core_top/core_top.srcs/sources_1/imports/RISC_mid3/decode_execute/fft_butterfly.v:18]
INFO: [Synth 8-6155] done synthesizing module 'decode_execute' (10#1) [C:/Users/user/RISC_final/core_top/core_top.srcs/sources_1/imports/RISC_mid3/decode_execute/decode_execute.v:3]
INFO: [Synth 8-6157] synthesizing module 'id_ex_reg' [C:/Users/user/RISC_final/core_top/core_top.srcs/sources_1/imports/RISC_mid3/id_ex_reg.v:62]
WARNING: [Synth 8-3848] Net exec_result_out in module/entity id_ex_reg does not have driver. [C:/Users/user/RISC_final/core_top/core_top.srcs/sources_1/imports/RISC_mid3/id_ex_reg.v:103]
WARNING: [Synth 8-3848] Net rs2_store_data_out in module/entity id_ex_reg does not have driver. [C:/Users/user/RISC_final/core_top/core_top.srcs/sources_1/imports/RISC_mid3/id_ex_reg.v:104]
WARNING: [Synth 8-3848] Net pc_plus4_out in module/entity id_ex_reg does not have driver. [C:/Users/user/RISC_final/core_top/core_top.srcs/sources_1/imports/RISC_mid3/id_ex_reg.v:105]
INFO: [Synth 8-6155] done synthesizing module 'id_ex_reg' (11#1) [C:/Users/user/RISC_final/core_top/core_top.srcs/sources_1/imports/RISC_mid3/id_ex_reg.v:62]
INFO: [Synth 8-6157] synthesizing module 'hazard_unit' [C:/Users/user/RISC_final/core_top/core_top.srcs/sources_1/imports/RISC_mid3/decode_execute/hazard_unit.v:35]
INFO: [Synth 8-6155] done synthesizing module 'hazard_unit' (12#1) [C:/Users/user/RISC_final/core_top/core_top.srcs/sources_1/imports/RISC_mid3/decode_execute/hazard_unit.v:35]
INFO: [Synth 8-6157] synthesizing module 'forward_unit' [C:/Users/user/RISC_final/core_top/core_top.srcs/sources_1/imports/RISC_mid3/decode_execute/forward_unit.v:41]
INFO: [Synth 8-6155] done synthesizing module 'forward_unit' (13#1) [C:/Users/user/RISC_final/core_top/core_top.srcs/sources_1/imports/RISC_mid3/decode_execute/forward_unit.v:41]
INFO: [Synth 8-6157] synthesizing module 'data_mem' [C:/Users/user/RISC_final/core_top/core_top.srcs/sources_1/imports/RISC_mid3/data_mem.v:40]
	Parameter MEM_DEPTH bound to: 256 - type: integer 
INFO: [Synth 8-6155] done synthesizing module 'data_mem' (14#1) [C:/Users/user/RISC_final/core_top/core_top.srcs/sources_1/imports/RISC_mid3/data_mem.v:40]
INFO: [Synth 8-6157] synthesizing module 'mem_wb' [C:/Users/user/RISC_final/core_top/core_top.srcs/sources_1/imports/RISC_mid3/mem_wb_stage/mem_wb.v:3]
INFO: [Synth 8-6157] synthesizing module 'mem_wb_reg' [C:/Users/user/RISC_final/core_top/core_top.srcs/sources_1/imports/RISC_mid3/mem_wb_stage/mem_wb_reg.v:3]
INFO: [Synth 8-6155] done synthesizing module 'mem_wb_reg' (15#1) [C:/Users/user/RISC_final/core_top/core_top.srcs/sources_1/imports/RISC_mid3/mem_wb_stage/mem_wb_reg.v:3]
INFO: [Synth 8-6157] synthesizing module 'wb_mux' [C:/Users/user/RISC_final/core_top/core_top.srcs/sources_1/imports/RISC_mid3/mem_wb_stage/wb_mux.v:3]
INFO: [Synth 8-6155] done synthesizing module 'wb_mux' (16#1) [C:/Users/user/RISC_final/core_top/core_top.srcs/sources_1/imports/RISC_mid3/mem_wb_stage/wb_mux.v:3]
INFO: [Synth 8-6155] done synthesizing module 'mem_wb' (17#1) [C:/Users/user/RISC_final/core_top/core_top.srcs/sources_1/imports/RISC_mid3/mem_wb_stage/mem_wb.v:3]
WARNING: [Synth 8-3848] Net flush_if_id in module/entity core_top does not have driver. [C:/Users/user/RISC_final/core_top/core_top.srcs/sources_1/imports/RISC_mid3/core_top.v:112]
WARNING: [Synth 8-3848] Net alu_src_dec in module/entity core_top does not have driver. [C:/Users/user/RISC_final/core_top/core_top.srcs/sources_1/imports/RISC_mid3/core_top.v:180]
WARNING: [Synth 8-3848] Net branch_dec in module/entity core_top does not have driver. [C:/Users/user/RISC_final/core_top/core_top.srcs/sources_1/imports/RISC_mid3/core_top.v:181]
WARNING: [Synth 8-3848] Net alu_ctrl_dec in module/entity core_top does not have driver. [C:/Users/user/RISC_final/core_top/core_top.srcs/sources_1/imports/RISC_mid3/core_top.v:79]
WARNING: [Synth 8-3848] Net rs1_data_dec in module/entity core_top does not have driver. [C:/Users/user/RISC_final/core_top/core_top.srcs/sources_1/imports/RISC_mid3/core_top.v:83]
WARNING: [Synth 8-3848] Net rs2_data_dec in module/entity core_top does not have driver. [C:/Users/user/RISC_final/core_top/core_top.srcs/sources_1/imports/RISC_mid3/core_top.v:84]
INFO: [Synth 8-6155] done synthesizing module 'core_top' (18#1) [C:/Users/user/RISC_final/core_top/core_top.srcs/sources_1/imports/RISC_mid3/core_top.v:3]
WARNING: [Synth 8-3331] design id_ex_reg has unconnected port exec_result_out[31]
WARNING: [Synth 8-3331] design id_ex_reg has unconnected port exec_result_out[30]
WARNING: [Synth 8-3331] design id_ex_reg has unconnected port exec_result_out[29]
WARNING: [Synth 8-3331] design id_ex_reg has unconnected port exec_result_out[28]
WARNING: [Synth 8-3331] design id_ex_reg has unconnected port exec_result_out[27]
WARNING: [Synth 8-3331] design id_ex_reg has unconnected port exec_result_out[26]
WARNING: [Synth 8-3331] design id_ex_reg has unconnected port exec_result_out[25]
WARNING: [Synth 8-3331] design id_ex_reg has unconnected port exec_result_out[24]
WARNING: [Synth 8-3331] design id_ex_reg has unconnected port exec_result_out[23]
WARNING: [Synth 8-3331] design id_ex_reg has unconnected port exec_result_out[22]
WARNING: [Synth 8-3331] design id_ex_reg has unconnected port exec_result_out[21]
WARNING: [Synth 8-3331] design id_ex_reg has unconnected port exec_result_out[20]
WARNING: [Synth 8-3331] design id_ex_reg has unconnected port exec_result_out[19]
WARNING: [Synth 8-3331] design id_ex_reg has unconnected port exec_result_out[18]
WARNING: [Synth 8-3331] design id_ex_reg has unconnected port exec_result_out[17]
WARNING: [Synth 8-3331] design id_ex_reg has unconnected port exec_result_out[16]
WARNING: [Synth 8-3331] design id_ex_reg has unconnected port exec_result_out[15]
WARNING: [Synth 8-3331] design id_ex_reg has unconnected port exec_result_out[14]
WARNING: [Synth 8-3331] design id_ex_reg has unconnected port exec_result_out[13]
WARNING: [Synth 8-3331] design id_ex_reg has unconnected port exec_result_out[12]
WARNING: [Synth 8-3331] design id_ex_reg has unconnected port exec_result_out[11]
WARNING: [Synth 8-3331] design id_ex_reg has unconnected port exec_result_out[10]
WARNING: [Synth 8-3331] design id_ex_reg has unconnected port exec_result_out[9]
WARNING: [Synth 8-3331] design id_ex_reg has unconnected port exec_result_out[8]
WARNING: [Synth 8-3331] design id_ex_reg has unconnected port exec_result_out[7]
WARNING: [Synth 8-3331] design id_ex_reg has unconnected port exec_result_out[6]
WARNING: [Synth 8-3331] design id_ex_reg has unconnected port exec_result_out[5]
WARNING: [Synth 8-3331] design id_ex_reg has unconnected port exec_result_out[4]
WARNING: [Synth 8-3331] design id_ex_reg has unconnected port exec_result_out[3]
WARNING: [Synth 8-3331] design id_ex_reg has unconnected port exec_result_out[2]
WARNING: [Synth 8-3331] design id_ex_reg has unconnected port exec_result_out[1]
WARNING: [Synth 8-3331] design id_ex_reg has unconnected port exec_result_out[0]
WARNING: [Synth 8-3331] design id_ex_reg has unconnected port rs2_store_data_out[31]
WARNING: [Synth 8-3331] design id_ex_reg has unconnected port rs2_store_data_out[30]
WARNING: [Synth 8-3331] design id_ex_reg has unconnected port rs2_store_data_out[29]
WARNING: [Synth 8-3331] design id_ex_reg has unconnected port rs2_store_data_out[28]
WARNING: [Synth 8-3331] design id_ex_reg has unconnected port rs2_store_data_out[27]
WARNING: [Synth 8-3331] design id_ex_reg has unconnected port rs2_store_data_out[26]
WARNING: [Synth 8-3331] design id_ex_reg has unconnected port rs2_store_data_out[25]
WARNING: [Synth 8-3331] design id_ex_reg has unconnected port rs2_store_data_out[24]
WARNING: [Synth 8-3331] design id_ex_reg has unconnected port rs2_store_data_out[23]
WARNING: [Synth 8-3331] design id_ex_reg has unconnected port rs2_store_data_out[22]
WARNING: [Synth 8-3331] design id_ex_reg has unconnected port rs2_store_data_out[21]
WARNING: [Synth 8-3331] design id_ex_reg has unconnected port rs2_store_data_out[20]
WARNING: [Synth 8-3331] design id_ex_reg has unconnected port rs2_store_data_out[19]
WARNING: [Synth 8-3331] design id_ex_reg has unconnected port rs2_store_data_out[18]
WARNING: [Synth 8-3331] design id_ex_reg has unconnected port rs2_store_data_out[17]
WARNING: [Synth 8-3331] design id_ex_reg has unconnected port rs2_store_data_out[16]
WARNING: [Synth 8-3331] design id_ex_reg has unconnected port rs2_store_data_out[15]
WARNING: [Synth 8-3331] design id_ex_reg has unconnected port rs2_store_data_out[14]
WARNING: [Synth 8-3331] design id_ex_reg has unconnected port rs2_store_data_out[13]
WARNING: [Synth 8-3331] design id_ex_reg has unconnected port rs2_store_data_out[12]
WARNING: [Synth 8-3331] design id_ex_reg has unconnected port rs2_store_data_out[11]
WARNING: [Synth 8-3331] design id_ex_reg has unconnected port rs2_store_data_out[10]
WARNING: [Synth 8-3331] design id_ex_reg has unconnected port rs2_store_data_out[9]
WARNING: [Synth 8-3331] design id_ex_reg has unconnected port rs2_store_data_out[8]
WARNING: [Synth 8-3331] design id_ex_reg has unconnected port rs2_store_data_out[7]
WARNING: [Synth 8-3331] design id_ex_reg has unconnected port rs2_store_data_out[6]
WARNING: [Synth 8-3331] design id_ex_reg has unconnected port rs2_store_data_out[5]
WARNING: [Synth 8-3331] design id_ex_reg has unconnected port rs2_store_data_out[4]
WARNING: [Synth 8-3331] design id_ex_reg has unconnected port rs2_store_data_out[3]
WARNING: [Synth 8-3331] design id_ex_reg has unconnected port rs2_store_data_out[2]
WARNING: [Synth 8-3331] design id_ex_reg has unconnected port rs2_store_data_out[1]
WARNING: [Synth 8-3331] design id_ex_reg has unconnected port rs2_store_data_out[0]
WARNING: [Synth 8-3331] design id_ex_reg has unconnected port pc_plus4_out[31]
WARNING: [Synth 8-3331] design id_ex_reg has unconnected port pc_plus4_out[30]
WARNING: [Synth 8-3331] design id_ex_reg has unconnected port pc_plus4_out[29]
WARNING: [Synth 8-3331] design id_ex_reg has unconnected port pc_plus4_out[28]
WARNING: [Synth 8-3331] design id_ex_reg has unconnected port pc_plus4_out[27]
WARNING: [Synth 8-3331] design id_ex_reg has unconnected port pc_plus4_out[26]
WARNING: [Synth 8-3331] design id_ex_reg has unconnected port pc_plus4_out[25]
WARNING: [Synth 8-3331] design id_ex_reg has unconnected port pc_plus4_out[24]
WARNING: [Synth 8-3331] design id_ex_reg has unconnected port pc_plus4_out[23]
WARNING: [Synth 8-3331] design id_ex_reg has unconnected port pc_plus4_out[22]
WARNING: [Synth 8-3331] design id_ex_reg has unconnected port pc_plus4_out[21]
WARNING: [Synth 8-3331] design id_ex_reg has unconnected port pc_plus4_out[20]
WARNING: [Synth 8-3331] design id_ex_reg has unconnected port pc_plus4_out[19]
WARNING: [Synth 8-3331] design id_ex_reg has unconnected port pc_plus4_out[18]
WARNING: [Synth 8-3331] design id_ex_reg has unconnected port pc_plus4_out[17]
WARNING: [Synth 8-3331] design id_ex_reg has unconnected port pc_plus4_out[16]
WARNING: [Synth 8-3331] design id_ex_reg has unconnected port pc_plus4_out[15]
WARNING: [Synth 8-3331] design id_ex_reg has unconnected port pc_plus4_out[14]
WARNING: [Synth 8-3331] design id_ex_reg has unconnected port pc_plus4_out[13]
WARNING: [Synth 8-3331] design id_ex_reg has unconnected port pc_plus4_out[12]
WARNING: [Synth 8-3331] design id_ex_reg has unconnected port pc_plus4_out[11]
WARNING: [Synth 8-3331] design id_ex_reg has unconnected port pc_plus4_out[10]
WARNING: [Synth 8-3331] design id_ex_reg has unconnected port pc_plus4_out[9]
WARNING: [Synth 8-3331] design id_ex_reg has unconnected port pc_plus4_out[8]
WARNING: [Synth 8-3331] design id_ex_reg has unconnected port pc_plus4_out[7]
WARNING: [Synth 8-3331] design id_ex_reg has unconnected port pc_plus4_out[6]
WARNING: [Synth 8-3331] design id_ex_reg has unconnected port pc_plus4_out[5]
WARNING: [Synth 8-3331] design id_ex_reg has unconnected port pc_plus4_out[4]
WARNING: [Synth 8-3331] design id_ex_reg has unconnected port pc_plus4_out[3]
WARNING: [Synth 8-3331] design id_ex_reg has unconnected port pc_plus4_out[2]
WARNING: [Synth 8-3331] design id_ex_reg has unconnected port pc_plus4_out[1]
WARNING: [Synth 8-3331] design id_ex_reg has unconnected port pc_plus4_out[0]
WARNING: [Synth 8-3331] design id_ex_reg has unconnected port exec_result_in[31]
WARNING: [Synth 8-3331] design id_ex_reg has unconnected port exec_result_in[30]
WARNING: [Synth 8-3331] design id_ex_reg has unconnected port exec_result_in[29]
WARNING: [Synth 8-3331] design id_ex_reg has unconnected port exec_result_in[28]
INFO: [Common 17-14] Message 'Synth 8-3331' appears 100 times and further instances of the messages will be disabled. Use the Tcl command set_msg_config to change the current settings.
---------------------------------------------------------------------------------
Finished RTL Elaboration : Time (s): cpu = 00:00:12 ; elapsed = 00:00:06 . Memory (MB): peak = 1769.777 ; gain = 525.621
---------------------------------------------------------------------------------

Report Check Netlist: 
+------+------------------+-------+---------+-------+------------------+
|      |Item              |Errors |Warnings |Status |Description       |
+------+------------------+-------+---------+-------+------------------+
|1     |multi_driven_nets |      0|        0|Passed |Multi driven nets |
+------+------------------+-------+---------+-------+------------------+
WARNING: [Synth 8-3295] tying undriven pin u_pc_reg:stall to constant 0 [C:/Users/user/RISC_final/core_top/core_top.srcs/sources_1/imports/RISC_mid3/fetch_stage/fetch_stage.v:23]
WARNING: [Synth 8-3295] tying undriven pin u_if_id_reg:flush to constant 0 [C:/Users/user/RISC_final/core_top/core_top.srcs/sources_1/imports/RISC_mid3/core_top.v:108]
WARNING: [Synth 8-3295] tying undriven pin u_id_ex_reg:rs1_data_in[31] to constant 0 [C:/Users/user/RISC_final/core_top/core_top.srcs/sources_1/imports/RISC_mid3/core_top.v:157]
WARNING: [Synth 8-3295] tying undriven pin u_id_ex_reg:rs1_data_in[30] to constant 0 [C:/Users/user/RISC_final/core_top/core_top.srcs/sources_1/imports/RISC_mid3/core_top.v:157]
WARNING: [Synth 8-3295] tying undriven pin u_id_ex_reg:rs1_data_in[29] to constant 0 [C:/Users/user/RISC_final/core_top/core_top.srcs/sources_1/imports/RISC_mid3/core_top.v:157]
WARNING: [Synth 8-3295] tying undriven pin u_id_ex_reg:rs1_data_in[28] to constant 0 [C:/Users/user/RISC_final/core_top/core_top.srcs/sources_1/imports/RISC_mid3/core_top.v:157]
WARNING: [Synth 8-3295] tying undriven pin u_id_ex_reg:rs1_data_in[27] to constant 0 [C:/Users/user/RISC_final/core_top/core_top.srcs/sources_1/imports/RISC_mid3/core_top.v:157]
WARNING: [Synth 8-3295] tying undriven pin u_id_ex_reg:rs1_data_in[26] to constant 0 [C:/Users/user/RISC_final/core_top/core_top.srcs/sources_1/imports/RISC_mid3/core_top.v:157]
WARNING: [Synth 8-3295] tying undriven pin u_id_ex_reg:rs1_data_in[25] to constant 0 [C:/Users/user/RISC_final/core_top/core_top.srcs/sources_1/imports/RISC_mid3/core_top.v:157]
WARNING: [Synth 8-3295] tying undriven pin u_id_ex_reg:rs1_data_in[24] to constant 0 [C:/Users/user/RISC_final/core_top/core_top.srcs/sources_1/imports/RISC_mid3/core_top.v:157]
WARNING: [Synth 8-3295] tying undriven pin u_id_ex_reg:rs1_data_in[23] to constant 0 [C:/Users/user/RISC_final/core_top/core_top.srcs/sources_1/imports/RISC_mid3/core_top.v:157]
WARNING: [Synth 8-3295] tying undriven pin u_id_ex_reg:rs1_data_in[22] to constant 0 [C:/Users/user/RISC_final/core_top/core_top.srcs/sources_1/imports/RISC_mid3/core_top.v:157]
WARNING: [Synth 8-3295] tying undriven pin u_id_ex_reg:rs1_data_in[21] to constant 0 [C:/Users/user/RISC_final/core_top/core_top.srcs/sources_1/imports/RISC_mid3/core_top.v:157]
WARNING: [Synth 8-3295] tying undriven pin u_id_ex_reg:rs1_data_in[20] to constant 0 [C:/Users/user/RISC_final/core_top/core_top.srcs/sources_1/imports/RISC_mid3/core_top.v:157]
WARNING: [Synth 8-3295] tying undriven pin u_id_ex_reg:rs1_data_in[19] to constant 0 [C:/Users/user/RISC_final/core_top/core_top.srcs/sources_1/imports/RISC_mid3/core_top.v:157]
WARNING: [Synth 8-3295] tying undriven pin u_id_ex_reg:rs1_data_in[18] to constant 0 [C:/Users/user/RISC_final/core_top/core_top.srcs/sources_1/imports/RISC_mid3/core_top.v:157]
WARNING: [Synth 8-3295] tying undriven pin u_id_ex_reg:rs1_data_in[17] to constant 0 [C:/Users/user/RISC_final/core_top/core_top.srcs/sources_1/imports/RISC_mid3/core_top.v:157]
WARNING: [Synth 8-3295] tying undriven pin u_id_ex_reg:rs1_data_in[16] to constant 0 [C:/Users/user/RISC_final/core_top/core_top.srcs/sources_1/imports/RISC_mid3/core_top.v:157]
WARNING: [Synth 8-3295] tying undriven pin u_id_ex_reg:rs1_data_in[15] to constant 0 [C:/Users/user/RISC_final/core_top/core_top.srcs/sources_1/imports/RISC_mid3/core_top.v:157]
WARNING: [Synth 8-3295] tying undriven pin u_id_ex_reg:rs1_data_in[14] to constant 0 [C:/Users/user/RISC_final/core_top/core_top.srcs/sources_1/imports/RISC_mid3/core_top.v:157]
WARNING: [Synth 8-3295] tying undriven pin u_id_ex_reg:rs1_data_in[13] to constant 0 [C:/Users/user/RISC_final/core_top/core_top.srcs/sources_1/imports/RISC_mid3/core_top.v:157]
WARNING: [Synth 8-3295] tying undriven pin u_id_ex_reg:rs1_data_in[12] to constant 0 [C:/Users/user/RISC_final/core_top/core_top.srcs/sources_1/imports/RISC_mid3/core_top.v:157]
WARNING: [Synth 8-3295] tying undriven pin u_id_ex_reg:rs1_data_in[11] to constant 0 [C:/Users/user/RISC_final/core_top/core_top.srcs/sources_1/imports/RISC_mid3/core_top.v:157]
WARNING: [Synth 8-3295] tying undriven pin u_id_ex_reg:rs1_data_in[10] to constant 0 [C:/Users/user/RISC_final/core_top/core_top.srcs/sources_1/imports/RISC_mid3/core_top.v:157]
WARNING: [Synth 8-3295] tying undriven pin u_id_ex_reg:rs1_data_in[9] to constant 0 [C:/Users/user/RISC_final/core_top/core_top.srcs/sources_1/imports/RISC_mid3/core_top.v:157]
WARNING: [Synth 8-3295] tying undriven pin u_id_ex_reg:rs1_data_in[8] to constant 0 [C:/Users/user/RISC_final/core_top/core_top.srcs/sources_1/imports/RISC_mid3/core_top.v:157]
WARNING: [Synth 8-3295] tying undriven pin u_id_ex_reg:rs1_data_in[7] to constant 0 [C:/Users/user/RISC_final/core_top/core_top.srcs/sources_1/imports/RISC_mid3/core_top.v:157]
WARNING: [Synth 8-3295] tying undriven pin u_id_ex_reg:rs1_data_in[6] to constant 0 [C:/Users/user/RISC_final/core_top/core_top.srcs/sources_1/imports/RISC_mid3/core_top.v:157]
WARNING: [Synth 8-3295] tying undriven pin u_id_ex_reg:rs1_data_in[5] to constant 0 [C:/Users/user/RISC_final/core_top/core_top.srcs/sources_1/imports/RISC_mid3/core_top.v:157]
WARNING: [Synth 8-3295] tying undriven pin u_id_ex_reg:rs1_data_in[4] to constant 0 [C:/Users/user/RISC_final/core_top/core_top.srcs/sources_1/imports/RISC_mid3/core_top.v:157]
WARNING: [Synth 8-3295] tying undriven pin u_id_ex_reg:rs1_data_in[3] to constant 0 [C:/Users/user/RISC_final/core_top/core_top.srcs/sources_1/imports/RISC_mid3/core_top.v:157]
WARNING: [Synth 8-3295] tying undriven pin u_id_ex_reg:rs1_data_in[2] to constant 0 [C:/Users/user/RISC_final/core_top/core_top.srcs/sources_1/imports/RISC_mid3/core_top.v:157]
WARNING: [Synth 8-3295] tying undriven pin u_id_ex_reg:rs1_data_in[1] to constant 0 [C:/Users/user/RISC_final/core_top/core_top.srcs/sources_1/imports/RISC_mid3/core_top.v:157]
WARNING: [Synth 8-3295] tying undriven pin u_id_ex_reg:rs1_data_in[0] to constant 0 [C:/Users/user/RISC_final/core_top/core_top.srcs/sources_1/imports/RISC_mid3/core_top.v:157]
WARNING: [Synth 8-3295] tying undriven pin u_id_ex_reg:rs2_data_in[31] to constant 0 [C:/Users/user/RISC_final/core_top/core_top.srcs/sources_1/imports/RISC_mid3/core_top.v:157]
WARNING: [Synth 8-3295] tying undriven pin u_id_ex_reg:rs2_data_in[30] to constant 0 [C:/Users/user/RISC_final/core_top/core_top.srcs/sources_1/imports/RISC_mid3/core_top.v:157]
WARNING: [Synth 8-3295] tying undriven pin u_id_ex_reg:rs2_data_in[29] to constant 0 [C:/Users/user/RISC_final/core_top/core_top.srcs/sources_1/imports/RISC_mid3/core_top.v:157]
WARNING: [Synth 8-3295] tying undriven pin u_id_ex_reg:rs2_data_in[28] to constant 0 [C:/Users/user/RISC_final/core_top/core_top.srcs/sources_1/imports/RISC_mid3/core_top.v:157]
WARNING: [Synth 8-3295] tying undriven pin u_id_ex_reg:rs2_data_in[27] to constant 0 [C:/Users/user/RISC_final/core_top/core_top.srcs/sources_1/imports/RISC_mid3/core_top.v:157]
WARNING: [Synth 8-3295] tying undriven pin u_id_ex_reg:rs2_data_in[26] to constant 0 [C:/Users/user/RISC_final/core_top/core_top.srcs/sources_1/imports/RISC_mid3/core_top.v:157]
WARNING: [Synth 8-3295] tying undriven pin u_id_ex_reg:rs2_data_in[25] to constant 0 [C:/Users/user/RISC_final/core_top/core_top.srcs/sources_1/imports/RISC_mid3/core_top.v:157]
WARNING: [Synth 8-3295] tying undriven pin u_id_ex_reg:rs2_data_in[24] to constant 0 [C:/Users/user/RISC_final/core_top/core_top.srcs/sources_1/imports/RISC_mid3/core_top.v:157]
WARNING: [Synth 8-3295] tying undriven pin u_id_ex_reg:rs2_data_in[23] to constant 0 [C:/Users/user/RISC_final/core_top/core_top.srcs/sources_1/imports/RISC_mid3/core_top.v:157]
WARNING: [Synth 8-3295] tying undriven pin u_id_ex_reg:rs2_data_in[22] to constant 0 [C:/Users/user/RISC_final/core_top/core_top.srcs/sources_1/imports/RISC_mid3/core_top.v:157]
WARNING: [Synth 8-3295] tying undriven pin u_id_ex_reg:rs2_data_in[21] to constant 0 [C:/Users/user/RISC_final/core_top/core_top.srcs/sources_1/imports/RISC_mid3/core_top.v:157]
WARNING: [Synth 8-3295] tying undriven pin u_id_ex_reg:rs2_data_in[20] to constant 0 [C:/Users/user/RISC_final/core_top/core_top.srcs/sources_1/imports/RISC_mid3/core_top.v:157]
WARNING: [Synth 8-3295] tying undriven pin u_id_ex_reg:rs2_data_in[19] to constant 0 [C:/Users/user/RISC_final/core_top/core_top.srcs/sources_1/imports/RISC_mid3/core_top.v:157]
WARNING: [Synth 8-3295] tying undriven pin u_id_ex_reg:rs2_data_in[18] to constant 0 [C:/Users/user/RISC_final/core_top/core_top.srcs/sources_1/imports/RISC_mid3/core_top.v:157]
WARNING: [Synth 8-3295] tying undriven pin u_id_ex_reg:rs2_data_in[17] to constant 0 [C:/Users/user/RISC_final/core_top/core_top.srcs/sources_1/imports/RISC_mid3/core_top.v:157]
WARNING: [Synth 8-3295] tying undriven pin u_id_ex_reg:rs2_data_in[16] to constant 0 [C:/Users/user/RISC_final/core_top/core_top.srcs/sources_1/imports/RISC_mid3/core_top.v:157]
WARNING: [Synth 8-3295] tying undriven pin u_id_ex_reg:rs2_data_in[15] to constant 0 [C:/Users/user/RISC_final/core_top/core_top.srcs/sources_1/imports/RISC_mid3/core_top.v:157]
WARNING: [Synth 8-3295] tying undriven pin u_id_ex_reg:rs2_data_in[14] to constant 0 [C:/Users/user/RISC_final/core_top/core_top.srcs/sources_1/imports/RISC_mid3/core_top.v:157]
WARNING: [Synth 8-3295] tying undriven pin u_id_ex_reg:rs2_data_in[13] to constant 0 [C:/Users/user/RISC_final/core_top/core_top.srcs/sources_1/imports/RISC_mid3/core_top.v:157]
WARNING: [Synth 8-3295] tying undriven pin u_id_ex_reg:rs2_data_in[12] to constant 0 [C:/Users/user/RISC_final/core_top/core_top.srcs/sources_1/imports/RISC_mid3/core_top.v:157]
WARNING: [Synth 8-3295] tying undriven pin u_id_ex_reg:rs2_data_in[11] to constant 0 [C:/Users/user/RISC_final/core_top/core_top.srcs/sources_1/imports/RISC_mid3/core_top.v:157]
WARNING: [Synth 8-3295] tying undriven pin u_id_ex_reg:rs2_data_in[10] to constant 0 [C:/Users/user/RISC_final/core_top/core_top.srcs/sources_1/imports/RISC_mid3/core_top.v:157]
WARNING: [Synth 8-3295] tying undriven pin u_id_ex_reg:rs2_data_in[9] to constant 0 [C:/Users/user/RISC_final/core_top/core_top.srcs/sources_1/imports/RISC_mid3/core_top.v:157]
WARNING: [Synth 8-3295] tying undriven pin u_id_ex_reg:rs2_data_in[8] to constant 0 [C:/Users/user/RISC_final/core_top/core_top.srcs/sources_1/imports/RISC_mid3/core_top.v:157]
WARNING: [Synth 8-3295] tying undriven pin u_id_ex_reg:rs2_data_in[7] to constant 0 [C:/Users/user/RISC_final/core_top/core_top.srcs/sources_1/imports/RISC_mid3/core_top.v:157]
WARNING: [Synth 8-3295] tying undriven pin u_id_ex_reg:rs2_data_in[6] to constant 0 [C:/Users/user/RISC_final/core_top/core_top.srcs/sources_1/imports/RISC_mid3/core_top.v:157]
WARNING: [Synth 8-3295] tying undriven pin u_id_ex_reg:rs2_data_in[5] to constant 0 [C:/Users/user/RISC_final/core_top/core_top.srcs/sources_1/imports/RISC_mid3/core_top.v:157]
WARNING: [Synth 8-3295] tying undriven pin u_id_ex_reg:rs2_data_in[4] to constant 0 [C:/Users/user/RISC_final/core_top/core_top.srcs/sources_1/imports/RISC_mid3/core_top.v:157]
WARNING: [Synth 8-3295] tying undriven pin u_id_ex_reg:rs2_data_in[3] to constant 0 [C:/Users/user/RISC_final/core_top/core_top.srcs/sources_1/imports/RISC_mid3/core_top.v:157]
WARNING: [Synth 8-3295] tying undriven pin u_id_ex_reg:rs2_data_in[2] to constant 0 [C:/Users/user/RISC_final/core_top/core_top.srcs/sources_1/imports/RISC_mid3/core_top.v:157]
WARNING: [Synth 8-3295] tying undriven pin u_id_ex_reg:rs2_data_in[1] to constant 0 [C:/Users/user/RISC_final/core_top/core_top.srcs/sources_1/imports/RISC_mid3/core_top.v:157]
WARNING: [Synth 8-3295] tying undriven pin u_id_ex_reg:rs2_data_in[0] to constant 0 [C:/Users/user/RISC_final/core_top/core_top.srcs/sources_1/imports/RISC_mid3/core_top.v:157]
WARNING: [Synth 8-3295] tying undriven pin u_id_ex_reg:alu_src_in to constant 0 [C:/Users/user/RISC_final/core_top/core_top.srcs/sources_1/imports/RISC_mid3/core_top.v:157]
WARNING: [Synth 8-3295] tying undriven pin u_id_ex_reg:branch_in to constant 0 [C:/Users/user/RISC_final/core_top/core_top.srcs/sources_1/imports/RISC_mid3/core_top.v:157]
WARNING: [Synth 8-3295] tying undriven pin u_id_ex_reg:alu_ctrl_in[3] to constant 0 [C:/Users/user/RISC_final/core_top/core_top.srcs/sources_1/imports/RISC_mid3/core_top.v:157]
WARNING: [Synth 8-3295] tying undriven pin u_id_ex_reg:alu_ctrl_in[2] to constant 0 [C:/Users/user/RISC_final/core_top/core_top.srcs/sources_1/imports/RISC_mid3/core_top.v:157]
WARNING: [Synth 8-3295] tying undriven pin u_id_ex_reg:alu_ctrl_in[1] to constant 0 [C:/Users/user/RISC_final/core_top/core_top.srcs/sources_1/imports/RISC_mid3/core_top.v:157]
WARNING: [Synth 8-3295] tying undriven pin u_id_ex_reg:alu_ctrl_in[0] to constant 0 [C:/Users/user/RISC_final/core_top/core_top.srcs/sources_1/imports/RISC_mid3/core_top.v:157]
---------------------------------------------------------------------------------
Start Handling Custom Attributes
---------------------------------------------------------------------------------
---------------------------------------------------------------------------------
Finished Handling Custom Attributes : Time (s): cpu = 00:00:12 ; elapsed = 00:00:06 . Memory (MB): peak = 1769.777 ; gain = 525.621
---------------------------------------------------------------------------------
---------------------------------------------------------------------------------
Finished RTL Optimization Phase 1 : Time (s): cpu = 00:00:12 ; elapsed = 00:00:06 . Memory (MB): peak = 1769.777 ; gain = 525.621
---------------------------------------------------------------------------------
INFO: [Project 1-570] Preparing netlist for logic optimization

Processing XDC Constraints
Initializing timing engine
Completed Processing XDC Constraints

INFO: [Opt 31-138] Pushed 0 inverter(s) to 0 load pin(s).
Netlist sorting complete. Time (s): cpu = 00:00:00 ; elapsed = 00:00:00.001 . Memory (MB): peak = 1935.516 ; gain = 0.000
INFO: [Project 1-111] Unisim Transformation Summary:
No Unisim elements were transformed.

RTL Elaboration Complete:  : Time (s): cpu = 00:00:26 ; elapsed = 00:00:13 . Memory (MB): peak = 1945.820 ; gain = 701.664
40 Infos, 183 Warnings, 0 Critical Warnings and 0 Errors encountered.
synth_design completed successfully
synth_design: Time (s): cpu = 00:00:26 ; elapsed = 00:00:14 . Memory (MB): peak = 1945.820 ; gain = 701.691
launch_simulation
INFO: [Vivado 12-5682] Launching behavioral simulation in 'C:/Users/user/RISC_final/core_top/core_top.sim/sim_1/behav/xsim'
INFO: [SIM-utils-51] Simulation object is 'sim_1'
INFO: [SIM-utils-54] Inspecting design source files for 'tb_core_top' in fileset 'sim_1'...
INFO: [USF-XSim-97] Finding global include files...
INFO: [USF-XSim-98] Fetching design files from 'sim_1'...
INFO: [USF-XSim-2] XSim::Compile design
INFO: [USF-XSim-61] Executing 'COMPILE and ANALYZE' step in 'C:/Users/user/RISC_final/core_top/core_top.sim/sim_1/behav/xsim'
"xvlog --incr --relax -prj tb_core_top_vlog.prj"
INFO: [USF-XSim-69] 'compile' step finished in '4' seconds
INFO: [USF-XSim-3] XSim::Elaborate design
INFO: [USF-XSim-61] Executing 'ELABORATE' step in 'C:/Users/user/RISC_final/core_top/core_top.sim/sim_1/behav/xsim'
Vivado Simulator 2018.3
Copyright 1986-1999, 2001-2018 Xilinx, Inc. All Rights Reserved.
Running: C:/Xilinx/Vivado/2018.3/bin/unwrapped/win64.o/xelab.exe -wto 0af5ed4c758142f79b166136f353235c --incr --debug typical --relax --mt 2 -L xil_defaultlib -L unisims_ver -L unimacro_ver -L secureip --snapshot tb_core_top_behav xil_defaultlib.tb_core_top xil_defaultlib.glbl -log elaborate.log 
Using 2 slave threads.
Starting static elaboration
Completed static elaboration
INFO: [XSIM 43-4323] No Change in HDL. Linking previously generated obj files to create kernel
run_program: Time (s): cpu = 00:00:00 ; elapsed = 00:00:06 . Memory (MB): peak = 2159.004 ; gain = 0.000
INFO: [USF-XSim-69] 'elaborate' step finished in '6' seconds
INFO: [USF-XSim-4] XSim::Simulate design
INFO: [USF-XSim-61] Executing 'SIMULATE' step in 'C:/Users/user/RISC_final/core_top/core_top.sim/sim_1/behav/xsim'
INFO: [USF-XSim-98] *** Running xsim
   with args "tb_core_top_behav -key {Behavioral:sim_1:Functional:tb_core_top} -tclbatch {tb_core_top.tcl} -log {simulate.log}"
INFO: [USF-XSim-8] Loading simulator feature
Vivado Simulator 2018.3
Time resolution is 1 ps
source tb_core_top.tcl
# set curr_wave [current_wave_config]
# if { [string length $curr_wave] == 0 } {
#   if { [llength [get_objects]] > 0} {
#     add_wave /
#     set_property needs_save false [current_wave_config]
#   } else {
#      send_msg_id Add_Wave-1 WARNING "No top level signals found. Simulator will start without a wave window. If you want to open a wave window go to 'File->New Waveform Configuration' or type 'create_wave_config' in the TCL console."
#   }
# }
# run 1000ns
Time | IF_Instr | ID_Instr | EX_Result  | WB_Write | WB_Data
---------------------------------------------------------------
0 | 0000006f | 00000000 | xxxxxxxx | 0 | 00000000
Reset=0 | PC=00001000 | Instr=0000006f | RegWrite=0
Reset=1 | PC=00001004 | Instr=0000006f | RegWrite=0
15000 | 0000006f | 0000006f | xxxxxxxx | 0 | xxxxxxxx
Reset=1 | PC=00001000 | Instr=0000006f | RegWrite=0
Reset=1 | PC=00001004 | Instr=0000006f | RegWrite=1
35000 | 0000006f | 0000006f | xxxxxxxx | 1 | xxxxxxxx
Reset=1 | PC=00001000 | Instr=0000006f | RegWrite=1
Reset=1 | PC=00001004 | Instr=0000006f | RegWrite=1
Reset=1 | PC=00001000 | Instr=0000006f | RegWrite=1
Reset=1 | PC=00001004 | Instr=0000006f | RegWrite=1
Reset=1 | PC=00001000 | Instr=0000006f | RegWrite=1
Reset=1 | PC=00001004 | Instr=0000006f | RegWrite=1
Reset=1 | PC=00001000 | Instr=0000006f | RegWrite=1
Reset=1 | PC=00001004 | Instr=0000006f | RegWrite=1
Reset=1 | PC=00001000 | Instr=0000006f | RegWrite=1
Reset=1 | PC=00001004 | Instr=0000006f | RegWrite=1
Reset=1 | PC=00001000 | Instr=0000006f | RegWrite=1
Reset=1 | PC=00001004 | Instr=0000006f | RegWrite=1
Reset=1 | PC=00001000 | Instr=0000006f | RegWrite=1
Reset=1 | PC=00001004 | Instr=0000006f | RegWrite=1
Reset=1 | PC=00001000 | Instr=0000006f | RegWrite=1
Reset=1 | PC=00001004 | Instr=0000006f | RegWrite=1
Reset=1 | PC=00001000 | Instr=0000006f | RegWrite=1
Reset=1 | PC=00001004 | Instr=0000006f | RegWrite=1
Reset=1 | PC=00001000 | Instr=0000006f | RegWrite=1
Reset=1 | PC=00001004 | Instr=0000006f | RegWrite=1
Reset=1 | PC=00001000 | Instr=0000006f | RegWrite=1
Reset=1 | PC=00001004 | Instr=0000006f | RegWrite=1
Reset=1 | PC=00001000 | Instr=0000006f | RegWrite=1
Reset=1 | PC=00001004 | Instr=0000006f | RegWrite=1
Reset=1 | PC=00001000 | Instr=0000006f | RegWrite=1
Reset=1 | PC=00001004 | Instr=0000006f | RegWrite=1
Reset=1 | PC=00001000 | Instr=0000006f | RegWrite=1
Reset=1 | PC=00001004 | Instr=0000006f | RegWrite=1
Reset=1 | PC=00001000 | Instr=0000006f | RegWrite=1
Reset=1 | PC=00001004 | Instr=0000006f | RegWrite=1
Reset=1 | PC=00001000 | Instr=0000006f | RegWrite=1
Reset=1 | PC=00001004 | Instr=0000006f | RegWrite=1
Reset=1 | PC=00001000 | Instr=0000006f | RegWrite=1
Reset=1 | PC=00001004 | Instr=0000006f | RegWrite=1
Reset=1 | PC=00001000 | Instr=0000006f | RegWrite=1
Reset=1 | PC=00001004 | Instr=0000006f | RegWrite=1
Reset=1 | PC=00001000 | Instr=0000006f | RegWrite=1
Reset=1 | PC=00001004 | Instr=0000006f | RegWrite=1
Reset=1 | PC=00001000 | Instr=0000006f | RegWrite=1
Reset=1 | PC=00001004 | Instr=0000006f | RegWrite=1
Reset=1 | PC=00001000 | Instr=0000006f | RegWrite=1
Reset=1 | PC=00001004 | Instr=0000006f | RegWrite=1
Reset=1 | PC=00001000 | Instr=0000006f | RegWrite=1
Reset=1 | PC=00001004 | Instr=0000006f | RegWrite=1
Reset=1 | PC=00001000 | Instr=0000006f | RegWrite=1
Reset=1 | PC=00001004 | Instr=0000006f | RegWrite=1
Reset=1 | PC=00001000 | Instr=0000006f | RegWrite=1
Reset=1 | PC=00001004 | Instr=0000006f | RegWrite=1
Reset=1 | PC=00001000 | Instr=0000006f | RegWrite=1
Reset=1 | PC=00001004 | Instr=0000006f | RegWrite=1
Reset=1 | PC=00001000 | Instr=0000006f | RegWrite=1
Reset=1 | PC=00001004 | Instr=0000006f | RegWrite=1
Reset=1 | PC=00001000 | Instr=0000006f | RegWrite=1
Reset=1 | PC=00001004 | Instr=0000006f | RegWrite=1
Reset=1 | PC=00001000 | Instr=0000006f | RegWrite=1
Reset=1 | PC=00001004 | Instr=0000006f | RegWrite=1
Reset=1 | PC=00001000 | Instr=0000006f | RegWrite=1
Reset=1 | PC=00001004 | Instr=0000006f | RegWrite=1
Reset=1 | PC=00001000 | Instr=0000006f | RegWrite=1
Reset=1 | PC=00001004 | Instr=0000006f | RegWrite=1
Reset=1 | PC=00001000 | Instr=0000006f | RegWrite=1
Reset=1 | PC=00001004 | Instr=0000006f | RegWrite=1
Reset=1 | PC=00001000 | Instr=0000006f | RegWrite=1
Reset=1 | PC=00001004 | Instr=0000006f | RegWrite=1
Reset=1 | PC=00001000 | Instr=0000006f | RegWrite=1
Reset=1 | PC=00001004 | Instr=0000006f | RegWrite=1
Reset=1 | PC=00001000 | Instr=0000006f | RegWrite=1
Reset=1 | PC=00001004 | Instr=0000006f | RegWrite=1
Reset=1 | PC=00001000 | Instr=0000006f | RegWrite=1
Reset=1 | PC=00001004 | Instr=0000006f | RegWrite=1
Reset=1 | PC=00001000 | Instr=0000006f | RegWrite=1
Reset=1 | PC=00001004 | Instr=0000006f | RegWrite=1
Reset=1 | PC=00001000 | Instr=0000006f | RegWrite=1
Reset=1 | PC=00001004 | Instr=0000006f | RegWrite=1
Reset=1 | PC=00001000 | Instr=0000006f | RegWrite=1
Reset=1 | PC=00001004 | Instr=0000006f | RegWrite=1
Reset=1 | PC=00001000 | Instr=0000006f | RegWrite=1
Reset=1 | PC=00001004 | Instr=0000006f | RegWrite=1
Reset=1 | PC=00001000 | Instr=0000006f | RegWrite=1
Reset=1 | PC=00001004 | Instr=0000006f | RegWrite=1
Reset=1 | PC=00001000 | Instr=0000006f | RegWrite=1
Reset=1 | PC=00001004 | Instr=0000006f | RegWrite=1
Reset=1 | PC=00001000 | Instr=0000006f | RegWrite=1
Reset=1 | PC=00001004 | Instr=0000006f | RegWrite=1
Reset=1 | PC=00001000 | Instr=0000006f | RegWrite=1
Reset=1 | PC=00001004 | Instr=0000006f | RegWrite=1
Reset=1 | PC=00001000 | Instr=0000006f | RegWrite=1
Reset=1 | PC=00001004 | Instr=0000006f | RegWrite=1
Reset=1 | PC=00001000 | Instr=0000006f | RegWrite=1
Reset=1 | PC=00001004 | Instr=0000006f | RegWrite=1
Reset=1 | PC=00001000 | Instr=0000006f | RegWrite=1
Reset=1 | PC=00001004 | Instr=0000006f | RegWrite=1
Reset=1 | PC=00001000 | Instr=0000006f | RegWrite=1
Reset=1 | PC=00001004 | Instr=0000006f | RegWrite=1
Reset=1 | PC=00001000 | Instr=0000006f | RegWrite=1
Reset=1 | PC=00001004 | Instr=0000006f | RegWrite=1
$finish called at time : 1 us : File "C:/Users/user/RISC_final/core_top/core_top.srcs/sim_1/imports/RISC_mid3/tb_core_top.v" Line 93
xsim: Time (s): cpu = 00:00:12 ; elapsed = 00:00:07 . Memory (MB): peak = 2159.004 ; gain = 0.000
INFO: [USF-XSim-96] XSim completed. Design snapshot 'tb_core_top_behav' loaded.
INFO: [USF-XSim-97] XSim simulation ran for 1000ns
launch_simulation: Time (s): cpu = 00:00:18 ; elapsed = 00:00:22 . Memory (MB): peak = 2159.004 ; gain = 0.738
reset_run synth_1
WARNING: [Vivado 12-1017] Problems encountered:
1. Failed to delete one or more files in run directory C:/Users/user/RISC_final/core_top/core_top.runs/synth_1

launch_runs synth_1 -jobs 4
[Thu May  7 21:54:59 2026] Launched synth_1...
Run output will be captured here: C:/Users/user/RISC_final/core_top/core_top.runs/synth_1/runme.log
current_design synth_1
close_design
close_design: Time (s): cpu = 00:00:13 ; elapsed = 00:00:10 . Memory (MB): peak = 2159.004 ; gain = 0.000
open_run synth_1 -name synth_1
Design is defaulting to impl run constrset: constrs_1
Design is defaulting to synth run part: xc7z020clg484-1
INFO: [Project 1-479] Netlist was created with Vivado 2018.3
INFO: [Project 1-570] Preparing netlist for logic optimization
INFO: [Opt 31-138] Pushed 0 inverter(s) to 0 load pin(s).
Netlist sorting complete. Time (s): cpu = 00:00:00 ; elapsed = 00:00:00 . Memory (MB): peak = 2159.004 ; gain = 0.000
INFO: [Project 1-111] Unisim Transformation Summary:
No Unisim elements were transformed.

open_run: Time (s): cpu = 00:00:10 ; elapsed = 00:00:09 . Memory (MB): peak = 2200.949 ; gain = 41.945
report_utilization -name utilization_1
reset_run synth_1
WARNING: [Vivado 12-1017] Problems encountered:
1. Failed to delete one or more files in run directory C:/Users/user/RISC_final/core_top/core_top.runs/synth_1

launch_runs synth_1 -jobs 4
[Thu May  7 22:00:50 2026] Launched synth_1...
Run output will be captured here: C:/Users/user/RISC_final/core_top/core_top.runs/synth_1/runme.log
close_design
open_run synth_1 -name synth_1
Design is defaulting to impl run constrset: constrs_1
Design is defaulting to synth run part: xc7z020clg484-1
INFO: [Project 1-479] Netlist was created with Vivado 2018.3
INFO: [Project 1-570] Preparing netlist for logic optimization
INFO: [Opt 31-138] Pushed 0 inverter(s) to 0 load pin(s).
Netlist sorting complete. Time (s): cpu = 00:00:00 ; elapsed = 00:00:00 . Memory (MB): peak = 2289.801 ; gain = 0.000
INFO: [Project 1-111] Unisim Transformation Summary:
No Unisim elements were transformed.

report_utilization -name utilization_1
export_ip_user_files -of_objects  [get_files C:/Users/user/RISC_final/core_top/core_top.srcs/sources_1/imports/RISC_mid3/decode_execute/riscv_defines.vh] -no_script -reset -force -quiet
export_ip_user_files -of_objects  [get_files C:/Users/user/RISC_final/core_top/core_top.srcs/sources_1/imports/RISC_mid3/core_top.v] -no_script -reset -force -quiet
export_ip_user_files -of_objects  [get_files C:/Users/user/RISC_final/core_top/core_top.srcs/sources_1/imports/RISC_mid3/decode_execute/branch_unit.v] -no_script -reset -force -quiet
remove_files  {C:/Users/user/RISC_final/core_top/core_top.srcs/sources_1/imports/RISC_mid3/decode_execute/riscv_defines.vh C:/Users/user/RISC_final/core_top/core_top.srcs/sources_1/imports/RISC_mid3/core_top.v C:/Users/user/RISC_final/core_top/core_top.srcs/sources_1/imports/RISC_mid3/decode_execute/branch_unit.v}
update_compile_order -fileset sources_1
export_ip_user_files -of_objects  [get_files C:/Users/user/RISC_final/core_top/core_top.srcs/sources_1/imports/RISC_mid3/decode_execute/decode_execute.v] -no_script -reset -force -quiet
export_ip_user_files -of_objects  [get_files C:/Users/user/RISC_final/core_top/core_top.srcs/sources_1/imports/RISC_mid3/fetch_stage/fetch_stage.v] -no_script -reset -force -quiet
export_ip_user_files -of_objects  [get_files C:/Users/user/RISC_final/core_top/core_top.srcs/sources_1/imports/RISC_mid3/mem_wb_stage/mem_wb.v] -no_script -reset -force -quiet
export_ip_user_files -of_objects  [get_files C:/Users/user/RISC_final/core_top/core_top.srcs/sources_1/imports/RISC_mid3/data_mem.v] -no_script -reset -force -quiet
export_ip_user_files -of_objects  [get_files C:/Users/user/RISC_final/core_top/core_top.srcs/sources_1/imports/RISC_mid3/decode_execute/forward_unit.v] -no_script -reset -force -quiet
export_ip_user_files -of_objects  [get_files C:/Users/user/RISC_final/core_top/core_top.srcs/sources_1/imports/RISC_mid3/decode_execute/hazard_unit.v] -no_script -reset -force -quiet
export_ip_user_files -of_objects  [get_files C:/Users/user/RISC_final/core_top/core_top.srcs/sources_1/imports/RISC_mid3/id_ex_reg.v] -no_script -reset -force -quiet
export_ip_user_files -of_objects  [get_files C:/Users/user/RISC_final/core_top/core_top.srcs/sources_1/imports/RISC_mid3/if_id_reg.v] -no_script -reset -force -quiet
remove_files  {C:/Users/user/RISC_final/core_top/core_top.srcs/sources_1/imports/RISC_mid3/decode_execute/decode_execute.v C:/Users/user/RISC_final/core_top/core_top.srcs/sources_1/imports/RISC_mid3/fetch_stage/fetch_stage.v C:/Users/user/RISC_final/core_top/core_top.srcs/sources_1/imports/RISC_mid3/mem_wb_stage/mem_wb.v C:/Users/user/RISC_final/core_top/core_top.srcs/sources_1/imports/RISC_mid3/data_mem.v C:/Users/user/RISC_final/core_top/core_top.srcs/sources_1/imports/RISC_mid3/decode_execute/forward_unit.v C:/Users/user/RISC_final/core_top/core_top.srcs/sources_1/imports/RISC_mid3/decode_execute/hazard_unit.v C:/Users/user/RISC_final/core_top/core_top.srcs/sources_1/imports/RISC_mid3/id_ex_reg.v C:/Users/user/RISC_final/core_top/core_top.srcs/sources_1/imports/RISC_mid3/if_id_reg.v}
file delete -force C:/Users/user/RISC_final/core_top/core_top.srcs/sources_1/imports/RISC_mid3/decode_execute/decode_execute.v C:/Users/user/RISC_final/core_top/core_top.srcs/sources_1/imports/RISC_mid3/fetch_stage/fetch_stage.v C:/Users/user/RISC_final/core_top/core_top.srcs/sources_1/imports/RISC_mid3/mem_wb_stage/mem_wb.v C:/Users/user/RISC_final/core_top/core_top.srcs/sources_1/imports/RISC_mid3/data_mem.v C:/Users/user/RISC_final/core_top/core_top.srcs/sources_1/imports/RISC_mid3/decode_execute/forward_unit.v C:/Users/user/RISC_final/core_top/core_top.srcs/sources_1/imports/RISC_mid3/decode_execute/hazard_unit.v C:/Users/user/RISC_final/core_top/core_top.srcs/sources_1/imports/RISC_mid3/id_ex_reg.v C:/Users/user/RISC_final/core_top/core_top.srcs/sources_1/imports/RISC_mid3/if_id_reg.v
update_compile_order -fileset sources_1
update_compile_order -fileset sources_1
close_design
close_sim
INFO: [Simtcl 6-16] Simulation closed
close_project
create_project risc_core C:/Users/user/RISC_final/risc_core -part xc7z020clg484-1
INFO: [IP_Flow 19-234] Refreshing IP repositories
INFO: [IP_Flow 19-1704] No user IP repositories specified
INFO: [IP_Flow 19-2313] Loaded Vivado IP repository 'C:/Xilinx/Vivado/2018.3/data/ip'.
set_property board_part em.avnet.com:zed:part0:1.4 [current_project]
set_property simulator_language Verilog [current_project]
add_files -norecurse C:/Users/user/Documents/RISC_mid3/riscv_defines.vh
add_files -norecurse {C:/Users/user/Documents/RISC_mid3/id_ex_reg.v C:/Users/user/Documents/RISC_mid3/mem_wb_stage/mem_wb_reg.v C:/Users/user/Documents/RISC_mid3/fetch_stage/pc_reg.v C:/Users/user/Documents/RISC_mid3/decode_execute/regfile.v C:/Users/user/Documents/RISC_mid3/fetch_stage/fetch_stage.v C:/Users/user/Documents/RISC_mid3/decode_execute/branch_unit.v C:/Users/user/Documents/RISC_mid3/decode_execute/decode_execute.v C:/Users/user/Documents/RISC_mid3/decode_execute/control_unit.v C:/Users/user/Documents/RISC_mid3/decode_execute/fft_butterfly.v C:/Users/user/Documents/RISC_mid3/decode_execute/hazard_unit.v C:/Users/user/Documents/RISC_mid3/core_top.v C:/Users/user/Documents/RISC_mid3/decode_execute/forward_unit.v C:/Users/user/Documents/RISC_mid3/mem_wb_stage/wb_mux.v C:/Users/user/Documents/RISC_mid3/if_id_reg.v C:/Users/user/Documents/RISC_mid3/fetch_stage/instr_mem.v C:/Users/user/Documents/RISC_mid3/decode_execute/imm_gen.v C:/Users/user/Documents/RISC_mid3/data_mem.v C:/Users/user/Documents/RISC_mid3/mem_wb_stage/mem_wb.v C:/Users/user/Documents/RISC_mid3/decode_execute/decoder.v C:/Users/user/Documents/RISC_mid3/decode_execute/alu.v}
import_files -force -norecurse
INFO: [filemgmt 20-348] Importing the appropriate files for fileset: 'sources_1'
update_compile_order -fileset sources_1
update_compile_order -fileset sources_1
set_property SOURCE_SET sources_1 [get_filesets sim_1]
import_files -fileset sim_1 -norecurse C:/Users/user/Documents/RISC_mid3/tb_core_top.v
update_compile_order -fileset sim_1
launch_simulation
INFO: [Vivado 12-5682] Launching behavioral simulation in 'C:/Users/user/RISC_final/risc_core/risc_core.sim/sim_1/behav/xsim'
INFO: [SIM-utils-51] Simulation object is 'sim_1'
INFO: [SIM-utils-54] Inspecting design source files for 'core_top' in fileset 'sim_1'...
INFO: [USF-XSim-97] Finding global include files...
INFO: [USF-XSim-98] Fetching design files from 'sim_1'...
INFO: [USF-XSim-2] XSim::Compile design
INFO: [USF-XSim-61] Executing 'COMPILE and ANALYZE' step in 'C:/Users/user/RISC_final/risc_core/risc_core.sim/sim_1/behav/xsim'
"xvlog --incr --relax -prj core_top_vlog.prj"
INFO: [VRFC 10-2263] Analyzing Verilog file "C:/Users/user/RISC_final/risc_core/risc_core.srcs/sources_1/imports/RISC_mid3/decode_execute/alu.v" into library xil_defaultlib
INFO: [VRFC 10-311] analyzing module alu
INFO: [VRFC 10-2263] Analyzing Verilog file "C:/Users/user/RISC_final/risc_core/risc_core.srcs/sources_1/imports/RISC_mid3/decode_execute/control_unit.v" into library xil_defaultlib
INFO: [VRFC 10-311] analyzing module control_unit
INFO: [VRFC 10-2263] Analyzing Verilog file "C:/Users/user/RISC_final/risc_core/risc_core.srcs/sources_1/imports/RISC_mid3/data_mem.v" into library xil_defaultlib
INFO: [VRFC 10-311] analyzing module data_mem
INFO: [VRFC 10-2263] Analyzing Verilog file "C:/Users/user/RISC_final/risc_core/risc_core.srcs/sources_1/imports/RISC_mid3/decode_execute/decode_execute.v" into library xil_defaultlib
INFO: [VRFC 10-311] analyzing module decode_execute
INFO: [VRFC 10-2263] Analyzing Verilog file "C:/Users/user/RISC_final/risc_core/risc_core.srcs/sources_1/imports/RISC_mid3/fetch_stage/fetch_stage.v" into library xil_defaultlib
INFO: [VRFC 10-311] analyzing module fetch_stage
INFO: [VRFC 10-2263] Analyzing Verilog file "C:/Users/user/RISC_final/risc_core/risc_core.srcs/sources_1/imports/RISC_mid3/decode_execute/fft_butterfly.v" into library xil_defaultlib
INFO: [VRFC 10-311] analyzing module fft_butterfly
INFO: [VRFC 10-2263] Analyzing Verilog file "C:/Users/user/RISC_final/risc_core/risc_core.srcs/sources_1/imports/RISC_mid3/decode_execute/forward_unit.v" into library xil_defaultlib
INFO: [VRFC 10-311] analyzing module forward_unit
INFO: [VRFC 10-2263] Analyzing Verilog file "C:/Users/user/RISC_final/risc_core/risc_core.srcs/sources_1/imports/RISC_mid3/decode_execute/hazard_unit.v" into library xil_defaultlib
INFO: [VRFC 10-311] analyzing module hazard_unit
INFO: [VRFC 10-2263] Analyzing Verilog file "C:/Users/user/RISC_final/risc_core/risc_core.srcs/sources_1/imports/RISC_mid3/id_ex_reg.v" into library xil_defaultlib
INFO: [VRFC 10-311] analyzing module id_ex_reg
INFO: [VRFC 10-2263] Analyzing Verilog file "C:/Users/user/RISC_final/risc_core/risc_core.srcs/sources_1/imports/RISC_mid3/if_id_reg.v" into library xil_defaultlib
INFO: [VRFC 10-311] analyzing module if_id_reg
INFO: [VRFC 10-2263] Analyzing Verilog file "C:/Users/user/RISC_final/risc_core/risc_core.srcs/sources_1/imports/RISC_mid3/decode_execute/imm_gen.v" into library xil_defaultlib
INFO: [VRFC 10-311] analyzing module imm_gen
INFO: [VRFC 10-2263] Analyzing Verilog file "C:/Users/user/RISC_final/risc_core/risc_core.srcs/sources_1/imports/RISC_mid3/fetch_stage/instr_mem.v" into library xil_defaultlib
INFO: [VRFC 10-311] analyzing module instr_mem
INFO: [VRFC 10-2263] Analyzing Verilog file "C:/Users/user/RISC_final/risc_core/risc_core.srcs/sources_1/imports/RISC_mid3/mem_wb_stage/mem_wb.v" into library xil_defaultlib
INFO: [VRFC 10-311] analyzing module mem_wb
INFO: [VRFC 10-2263] Analyzing Verilog file "C:/Users/user/RISC_final/risc_core/risc_core.srcs/sources_1/imports/RISC_mid3/mem_wb_stage/mem_wb_reg.v" into library xil_defaultlib
INFO: [VRFC 10-311] analyzing module mem_wb_reg
INFO: [VRFC 10-2263] Analyzing Verilog file "C:/Users/user/RISC_final/risc_core/risc_core.srcs/sources_1/imports/RISC_mid3/fetch_stage/pc_reg.v" into library xil_defaultlib
INFO: [VRFC 10-311] analyzing module pc_reg
INFO: [VRFC 10-2263] Analyzing Verilog file "C:/Users/user/RISC_final/risc_core/risc_core.srcs/sources_1/imports/RISC_mid3/decode_execute/regfile.v" into library xil_defaultlib
INFO: [VRFC 10-311] analyzing module regfile
INFO: [VRFC 10-2263] Analyzing Verilog file "C:/Users/user/RISC_final/risc_core/risc_core.srcs/sources_1/imports/RISC_mid3/mem_wb_stage/wb_mux.v" into library xil_defaultlib
INFO: [VRFC 10-311] analyzing module wb_mux
INFO: [VRFC 10-2263] Analyzing Verilog file "C:/Users/user/RISC_final/risc_core/risc_core.srcs/sources_1/imports/RISC_mid3/core_top.v" into library xil_defaultlib
INFO: [VRFC 10-311] analyzing module core_top
INFO: [VRFC 10-2263] Analyzing Verilog file "C:/Users/user/RISC_final/risc_core/risc_core.sim/sim_1/behav/xsim/glbl.v" into library xil_defaultlib
INFO: [VRFC 10-311] analyzing module glbl
INFO: [USF-XSim-69] 'compile' step finished in '3' seconds
INFO: [USF-XSim-3] XSim::Elaborate design
INFO: [USF-XSim-61] Executing 'ELABORATE' step in 'C:/Users/user/RISC_final/risc_core/risc_core.sim/sim_1/behav/xsim'
Vivado Simulator 2018.3
Copyright 1986-1999, 2001-2018 Xilinx, Inc. All Rights Reserved.
Running: C:/Xilinx/Vivado/2018.3/bin/unwrapped/win64.o/xelab.exe -wto e11e7f86c1364693b3c159728a41ba73 --incr --debug typical --relax --mt 2 -L xil_defaultlib -L unisims_ver -L unimacro_ver -L secureip --snapshot core_top_behav xil_defaultlib.core_top xil_defaultlib.glbl -log elaborate.log 
Using 2 slave threads.
Starting static elaboration
Completed static elaboration
Starting simulation data flow analysis
WARNING: [XSIM 43-4099] "C:/Users/user/RISC_final/risc_core/risc_core.srcs/sources_1/imports/RISC_mid3/decode_execute/control_unit.v" Line 40. Module control_unit doesn't have a timescale but at least one module in design has a timescale.
WARNING: [XSIM 43-4099] "C:/Users/user/RISC_final/risc_core/risc_core.srcs/sources_1/imports/RISC_mid3/decode_execute/alu.v" Line 38. Module alu doesn't have a timescale but at least one module in design has a timescale.
WARNING: [XSIM 43-4099] "C:/Users/user/RISC_final/risc_core/risc_core.srcs/sources_1/imports/RISC_mid3/data_mem.v" Line 40. Module data_mem doesn't have a timescale but at least one module in design has a timescale.
Completed simulation data flow analysis
Time Resolution for simulation is 1ps
Compiling module xil_defaultlib.pc_reg
Compiling module xil_defaultlib.instr_mem
Compiling module xil_defaultlib.fetch_stage
Compiling module xil_defaultlib.if_id_reg
Compiling module xil_defaultlib.imm_gen
Compiling module xil_defaultlib.control_unit
Compiling module xil_defaultlib.regfile
Compiling module xil_defaultlib.alu
Compiling module xil_defaultlib.fft_butterfly
Compiling module xil_defaultlib.decode_execute
Compiling module xil_defaultlib.id_ex_reg
Compiling module xil_defaultlib.hazard_unit
Compiling module xil_defaultlib.forward_unit
Compiling module xil_defaultlib.data_mem
Compiling module xil_defaultlib.mem_wb_reg
Compiling module xil_defaultlib.wb_mux
Compiling module xil_defaultlib.mem_wb
Compiling module xil_defaultlib.core_top
Compiling module xil_defaultlib.glbl
Built simulation snapshot core_top_behav

****** Webtalk v2018.3 (64-bit)
  **** SW Build 2405991 on Thu Dec  6 23:38:27 MST 2018
  **** IP Build 2404404 on Fri Dec  7 01:43:56 MST 2018
    ** Copyright 1986-2018 Xilinx, Inc. All Rights Reserved.

source C:/Users/user/RISC_final/risc_core/risc_core.sim/sim_1/behav/xsim/xsim.dir/core_top_behav/webtalk/xsim_webtalk.tcl -notrace
INFO: [Common 17-206] Exiting Webtalk at Thu May  7 22:41:05 2026...
run_program: Time (s): cpu = 00:00:01 ; elapsed = 00:00:06 . Memory (MB): peak = 2569.957 ; gain = 0.000
INFO: [USF-XSim-69] 'elaborate' step finished in '7' seconds
INFO: [USF-XSim-4] XSim::Simulate design
INFO: [USF-XSim-61] Executing 'SIMULATE' step in 'C:/Users/user/RISC_final/risc_core/risc_core.sim/sim_1/behav/xsim'
INFO: [USF-XSim-98] *** Running xsim
   with args "core_top_behav -key {Behavioral:sim_1:Functional:core_top} -tclbatch {core_top.tcl} -log {simulate.log}"
INFO: [USF-XSim-8] Loading simulator feature
Vivado Simulator 2018.3
Time resolution is 1 ps
source core_top.tcl
# set curr_wave [current_wave_config]
# if { [string length $curr_wave] == 0 } {
#   if { [llength [get_objects]] > 0} {
#     add_wave /
#     set_property needs_save false [current_wave_config]
#   } else {
#      send_msg_id Add_Wave-1 WARNING "No top level signals found. Simulator will start without a wave window. If you want to open a wave window go to 'File->New Waveform Configuration' or type 'create_wave_config' in the TCL console."
#   }
# }
# run 1000ns
INFO: [USF-XSim-96] XSim completed. Design snapshot 'core_top_behav' loaded.
INFO: [USF-XSim-97] XSim simulation ran for 1000ns
launch_simulation: Time (s): cpu = 00:00:03 ; elapsed = 00:00:13 . Memory (MB): peak = 2569.957 ; gain = 0.000
update_compile_order -fileset sim_1
synth_design -rtl -name rtl_1
Command: synth_design -rtl -name rtl_1
Starting synth_design
Using part: xc7z020clg484-1
Top: core_top
---------------------------------------------------------------------------------
Starting RTL Elaboration : Time (s): cpu = 00:00:03 ; elapsed = 00:00:03 . Memory (MB): peak = 2569.957 ; gain = 0.000
---------------------------------------------------------------------------------
INFO: [Synth 8-6157] synthesizing module 'core_top' [C:/Users/user/RISC_final/risc_core/risc_core.srcs/sources_1/imports/RISC_mid3/core_top.v:3]
INFO: [Synth 8-6157] synthesizing module 'fetch_stage' [C:/Users/user/RISC_final/risc_core/risc_core.srcs/sources_1/imports/RISC_mid3/fetch_stage/fetch_stage.v:6]
INFO: [Synth 8-6157] synthesizing module 'pc_reg' [C:/Users/user/RISC_final/risc_core/risc_core.srcs/sources_1/imports/RISC_mid3/fetch_stage/pc_reg.v:37]
INFO: [Synth 8-6155] done synthesizing module 'pc_reg' (1#1) [C:/Users/user/RISC_final/risc_core/risc_core.srcs/sources_1/imports/RISC_mid3/fetch_stage/pc_reg.v:37]
INFO: [Synth 8-6157] synthesizing module 'instr_mem' [C:/Users/user/RISC_final/risc_core/risc_core.srcs/sources_1/imports/RISC_mid3/fetch_stage/instr_mem.v:33]
INFO: [Synth 8-6155] done synthesizing module 'instr_mem' (2#1) [C:/Users/user/RISC_final/risc_core/risc_core.srcs/sources_1/imports/RISC_mid3/fetch_stage/instr_mem.v:33]
INFO: [Synth 8-6155] done synthesizing module 'fetch_stage' (3#1) [C:/Users/user/RISC_final/risc_core/risc_core.srcs/sources_1/imports/RISC_mid3/fetch_stage/fetch_stage.v:6]
INFO: [Synth 8-6157] synthesizing module 'if_id_reg' [C:/Users/user/RISC_final/risc_core/risc_core.srcs/sources_1/imports/RISC_mid3/if_id_reg.v:42]
INFO: [Synth 8-6155] done synthesizing module 'if_id_reg' (4#1) [C:/Users/user/RISC_final/risc_core/risc_core.srcs/sources_1/imports/RISC_mid3/if_id_reg.v:42]
INFO: [Synth 8-6157] synthesizing module 'decode_execute' [C:/Users/user/RISC_final/risc_core/risc_core.srcs/sources_1/imports/RISC_mid3/decode_execute/decode_execute.v:3]
INFO: [Synth 8-6157] synthesizing module 'imm_gen' [C:/Users/user/RISC_final/risc_core/risc_core.srcs/sources_1/imports/RISC_mid3/decode_execute/imm_gen.v:43]
INFO: [Synth 8-6155] done synthesizing module 'imm_gen' (5#1) [C:/Users/user/RISC_final/risc_core/risc_core.srcs/sources_1/imports/RISC_mid3/decode_execute/imm_gen.v:43]
INFO: [Synth 8-6157] synthesizing module 'control_unit' [C:/Users/user/RISC_final/risc_core/risc_core.srcs/sources_1/imports/RISC_mid3/decode_execute/control_unit.v:40]
	Parameter OPCODE_RTYPE bound to: 7'b0110011 
	Parameter OPCODE_LOAD bound to: 7'b0000011 
	Parameter OPCODE_STORE bound to: 7'b0100011 
	Parameter OPCODE_BRANCH bound to: 7'b1100011 
	Parameter OPCODE_JAL bound to: 7'b1101111 
	Parameter OPCODE_FFT bound to: 7'b0111011 
	Parameter ALU_ADD bound to: 4'b0000 
	Parameter ALU_SUB bound to: 4'b0001 
	Parameter ALU_AND bound to: 4'b0010 
	Parameter ALU_OR bound to: 4'b0011 
	Parameter ALU_XOR bound to: 4'b0100 
	Parameter ALU_PASS_B bound to: 4'b0101 
INFO: [Synth 8-6155] done synthesizing module 'control_unit' (6#1) [C:/Users/user/RISC_final/risc_core/risc_core.srcs/sources_1/imports/RISC_mid3/decode_execute/control_unit.v:40]
WARNING: [Synth 8-350] instance 'u_control_unit' of module 'control_unit' requires 14 connections, but only 13 given [C:/Users/user/RISC_final/risc_core/risc_core.srcs/sources_1/imports/RISC_mid3/decode_execute/decode_execute.v:66]
INFO: [Synth 8-6157] synthesizing module 'regfile' [C:/Users/user/RISC_final/risc_core/risc_core.srcs/sources_1/imports/RISC_mid3/decode_execute/regfile.v:14]
INFO: [Synth 8-6155] done synthesizing module 'regfile' (7#1) [C:/Users/user/RISC_final/risc_core/risc_core.srcs/sources_1/imports/RISC_mid3/decode_execute/regfile.v:14]
INFO: [Synth 8-6157] synthesizing module 'alu' [C:/Users/user/RISC_final/risc_core/risc_core.srcs/sources_1/imports/RISC_mid3/decode_execute/alu.v:38]
INFO: [Synth 8-6155] done synthesizing module 'alu' (8#1) [C:/Users/user/RISC_final/risc_core/risc_core.srcs/sources_1/imports/RISC_mid3/decode_execute/alu.v:38]
INFO: [Synth 8-6157] synthesizing module 'fft_butterfly' [C:/Users/user/RISC_final/risc_core/risc_core.srcs/sources_1/imports/RISC_mid3/decode_execute/fft_butterfly.v:18]
INFO: [Synth 8-6155] done synthesizing module 'fft_butterfly' (9#1) [C:/Users/user/RISC_final/risc_core/risc_core.srcs/sources_1/imports/RISC_mid3/decode_execute/fft_butterfly.v:18]
INFO: [Synth 8-6155] done synthesizing module 'decode_execute' (10#1) [C:/Users/user/RISC_final/risc_core/risc_core.srcs/sources_1/imports/RISC_mid3/decode_execute/decode_execute.v:3]
INFO: [Synth 8-6157] synthesizing module 'id_ex_reg' [C:/Users/user/RISC_final/risc_core/risc_core.srcs/sources_1/imports/RISC_mid3/id_ex_reg.v:64]
INFO: [Synth 8-6155] done synthesizing module 'id_ex_reg' (11#1) [C:/Users/user/RISC_final/risc_core/risc_core.srcs/sources_1/imports/RISC_mid3/id_ex_reg.v:64]
INFO: [Synth 8-6157] synthesizing module 'hazard_unit' [C:/Users/user/RISC_final/risc_core/risc_core.srcs/sources_1/imports/RISC_mid3/decode_execute/hazard_unit.v:35]
INFO: [Synth 8-6155] done synthesizing module 'hazard_unit' (12#1) [C:/Users/user/RISC_final/risc_core/risc_core.srcs/sources_1/imports/RISC_mid3/decode_execute/hazard_unit.v:35]
INFO: [Synth 8-6157] synthesizing module 'forward_unit' [C:/Users/user/RISC_final/risc_core/risc_core.srcs/sources_1/imports/RISC_mid3/decode_execute/forward_unit.v:41]
INFO: [Synth 8-6155] done synthesizing module 'forward_unit' (13#1) [C:/Users/user/RISC_final/risc_core/risc_core.srcs/sources_1/imports/RISC_mid3/decode_execute/forward_unit.v:41]
INFO: [Synth 8-6157] synthesizing module 'data_mem' [C:/Users/user/RISC_final/risc_core/risc_core.srcs/sources_1/imports/RISC_mid3/data_mem.v:40]
	Parameter MEM_DEPTH bound to: 256 - type: integer 
INFO: [Synth 8-6155] done synthesizing module 'data_mem' (14#1) [C:/Users/user/RISC_final/risc_core/risc_core.srcs/sources_1/imports/RISC_mid3/data_mem.v:40]
INFO: [Synth 8-6157] synthesizing module 'mem_wb' [C:/Users/user/RISC_final/risc_core/risc_core.srcs/sources_1/imports/RISC_mid3/mem_wb_stage/mem_wb.v:3]
INFO: [Synth 8-6157] synthesizing module 'mem_wb_reg' [C:/Users/user/RISC_final/risc_core/risc_core.srcs/sources_1/imports/RISC_mid3/mem_wb_stage/mem_wb_reg.v:3]
INFO: [Synth 8-6155] done synthesizing module 'mem_wb_reg' (15#1) [C:/Users/user/RISC_final/risc_core/risc_core.srcs/sources_1/imports/RISC_mid3/mem_wb_stage/mem_wb_reg.v:3]
INFO: [Synth 8-6157] synthesizing module 'wb_mux' [C:/Users/user/RISC_final/risc_core/risc_core.srcs/sources_1/imports/RISC_mid3/mem_wb_stage/wb_mux.v:3]
INFO: [Synth 8-6155] done synthesizing module 'wb_mux' (16#1) [C:/Users/user/RISC_final/risc_core/risc_core.srcs/sources_1/imports/RISC_mid3/mem_wb_stage/wb_mux.v:3]
INFO: [Synth 8-6155] done synthesizing module 'mem_wb' (17#1) [C:/Users/user/RISC_final/risc_core/risc_core.srcs/sources_1/imports/RISC_mid3/mem_wb_stage/mem_wb.v:3]
WARNING: [Synth 8-3848] Net flush_if_id in module/entity core_top does not have driver. [C:/Users/user/RISC_final/risc_core/risc_core.srcs/sources_1/imports/RISC_mid3/core_top.v:21]
INFO: [Synth 8-6155] done synthesizing module 'core_top' (18#1) [C:/Users/user/RISC_final/risc_core/risc_core.srcs/sources_1/imports/RISC_mid3/core_top.v:3]
---------------------------------------------------------------------------------
Finished RTL Elaboration : Time (s): cpu = 00:00:03 ; elapsed = 00:00:04 . Memory (MB): peak = 2569.957 ; gain = 0.000
---------------------------------------------------------------------------------

Report Check Netlist: 
+------+------------------+-------+---------+-------+------------------+
|      |Item              |Errors |Warnings |Status |Description       |
+------+------------------+-------+---------+-------+------------------+
|1     |multi_driven_nets |      0|        0|Passed |Multi driven nets |
+------+------------------+-------+---------+-------+------------------+
WARNING: [Synth 8-3295] tying undriven pin u_if_id_reg:flush to constant 0 [C:/Users/user/RISC_final/risc_core/risc_core.srcs/sources_1/imports/RISC_mid3/core_top.v:111]
---------------------------------------------------------------------------------
Start Handling Custom Attributes
---------------------------------------------------------------------------------
---------------------------------------------------------------------------------
Finished Handling Custom Attributes : Time (s): cpu = 00:00:04 ; elapsed = 00:00:04 . Memory (MB): peak = 2569.957 ; gain = 0.000
---------------------------------------------------------------------------------
---------------------------------------------------------------------------------
Finished RTL Optimization Phase 1 : Time (s): cpu = 00:00:04 ; elapsed = 00:00:04 . Memory (MB): peak = 2569.957 ; gain = 0.000
---------------------------------------------------------------------------------
INFO: [Project 1-570] Preparing netlist for logic optimization

Processing XDC Constraints
Initializing timing engine
Completed Processing XDC Constraints

INFO: [Opt 31-138] Pushed 0 inverter(s) to 0 load pin(s).
Netlist sorting complete. Time (s): cpu = 00:00:00 ; elapsed = 00:00:00 . Memory (MB): peak = 2569.957 ; gain = 0.000
INFO: [Project 1-111] Unisim Transformation Summary:
No Unisim elements were transformed.

RTL Elaboration Complete:  : Time (s): cpu = 00:00:10 ; elapsed = 00:00:07 . Memory (MB): peak = 2569.957 ; gain = 0.000
39 Infos, 3 Warnings, 0 Critical Warnings and 0 Errors encountered.
synth_design completed successfully
synth_design: Time (s): cpu = 00:00:10 ; elapsed = 00:00:07 . Memory (MB): peak = 2569.957 ; gain = 0.000
launch_runs synth_1 -jobs 4
[Thu May  7 22:44:41 2026] Launched synth_1...
Run output will be captured here: C:/Users/user/RISC_final/risc_core/risc_core.runs/synth_1/runme.log
close_design
open_run synth_1 -name synth_1
Design is defaulting to impl run constrset: constrs_1
Design is defaulting to synth run part: xc7z020clg484-1
INFO: [Project 1-479] Netlist was created with Vivado 2018.3
INFO: [Project 1-570] Preparing netlist for logic optimization
INFO: [Opt 31-138] Pushed 0 inverter(s) to 0 load pin(s).
Netlist sorting complete. Time (s): cpu = 00:00:00 ; elapsed = 00:00:00 . Memory (MB): peak = 2569.957 ; gain = 0.000
INFO: [Project 1-111] Unisim Transformation Summary:
No Unisim elements were transformed.

